<?xml version="1.0" encoding="UTF-8"?>
<testng-results ignored="0" total="1" passed="1" failed="0" skipped="0">
  <reporter-output>
  </reporter-output>
  <suite started-at="2024-12-15T20:51:15 IST" name="Default suite" finished-at="2024-12-15T20:51:24 IST" duration-ms="9540">
    <groups>
    </groups>
    <test started-at="2024-12-15T20:51:15 IST" name="Default test" finished-at="2024-12-15T20:51:24 IST" duration-ms="9540">
      <class name="kumar.TestAnnotations">
        <test-method signature="login()[pri:0, instance:kumar.TestAnnotations@b3ca52e]" started-at="2024-12-15T20:51:15 IST" name="login" finished-at="2024-12-15T20:51:24 IST" duration-ms="9512" status="PASS">
          <reporter-output>
          </reporter-output>
        </test-method> <!-- login -->
      </class> <!-- kumar.TestAnnotations -->
    </test> <!-- Default test -->
  </suite> <!-- Default suite -->
</testng-results>
